;  LST file generated by mikroListExporter - v.2.0 
; Date/Time: 30/04/2023 10:01:05 p. m.
;----------------------------------------------

;Address Opcode 	ASM
0x0000	0xF001EF5F  	GOTO        702
0x0004	0x0000      	NOP
0x0006	0x0000      	NOP
0x0008	0xF000EF00  	GOTO        0
0x000C	0x0000      	NOP
0x000E	0x0000      	NOP
0x0010	0x0000      	NOP
0x0012	0x0000      	NOP
0x0014	0x0000      	NOP
0x0016	0x0000      	NOP
0x0018	0xD7F3      	BRA         0
_Div_16X16_U:
;__Lib_Math.c,102 :: 		
;__Lib_Math.c,109 :: 		
0x001C	0x6A08      	CLRF        R8, 0
;__Lib_Math.c,110 :: 		
0x001E	0x6A09      	CLRF        R9, 0
;__Lib_Math.c,111 :: 		
0x0020	0x0E10      	MOVLW       16
;__Lib_Math.c,112 :: 		
0x0022	0x6E0C      	MOVWF       R12, 0
;__Lib_Math.c,113 :: 		
0x0024	0x3401      	RLCF        R1, 0, 0
;__Lib_Math.c,114 :: 		
0x0026	0x3608      	RLCF        R8, 1, 0
;__Lib_Math.c,115 :: 		
0x0028	0x3609      	RLCF        R9, 1, 0
;__Lib_Math.c,116 :: 		
0x002A	0x5004      	MOVF        R4, 0, 0
;__Lib_Math.c,117 :: 		
0x002C	0x5E08      	SUBWF       R8, 1, 0
;__Lib_Math.c,118 :: 		
0x002E	0x5005      	MOVF        R5, 0, 0
;__Lib_Math.c,119 :: 		
0x0030	0xA0D8      	BTFSS       STATUS, 0, 0
;__Lib_Math.c,120 :: 		
0x0032	0x3C05      	INCFSZ      R5, 0, 0
;__Lib_Math.c,121 :: 		
0x0034	0x5E09      	SUBWF       R9, 1, 0
;__Lib_Math.c,122 :: 		
0x0036	0xB0D8      	BTFSC       STATUS, 0, 0
;__Lib_Math.c,123 :: 		
0x0038	0xD007      	BRA         $+16
;__Lib_Math.c,124 :: 		
0x003A	0x5004      	MOVF        R4, 0, 0
;__Lib_Math.c,125 :: 		
0x003C	0x2608      	ADDWF       R8, 1, 0
;__Lib_Math.c,126 :: 		
0x003E	0x5005      	MOVF        R5, 0, 0
;__Lib_Math.c,127 :: 		
0x0040	0xB0D8      	BTFSC       STATUS, 0, 0
;__Lib_Math.c,128 :: 		
0x0042	0x3C05      	INCFSZ      R5, 0, 0
;__Lib_Math.c,129 :: 		
0x0044	0x2609      	ADDWF       R9, 1, 0
;__Lib_Math.c,130 :: 		
0x0046	0x90D8      	BCF         STATUS, 0, 0
;__Lib_Math.c,131 :: 		
0x0048	0x3600      	RLCF        R0, 1, 0
;__Lib_Math.c,132 :: 		
0x004A	0x3601      	RLCF        R1, 1, 0
;__Lib_Math.c,133 :: 		
0x004C	0x2E0C      	DECFSZ      R12, 1, 0
;__Lib_Math.c,134 :: 		
0x004E	0xD7EA      	BRA         $-42
;__Lib_Math.c,136 :: 		
L_end_Div_16X16_U:
0x0050	0x0012      	RETURN      0
; end of _Div_16X16_U
_UART1_Write:
;__Lib_UART_c67.c,58 :: 		
;__Lib_UART_c67.c,59 :: 		
L_UART1_Write3:
0x0052	0xB2AC      	BTFSC       TXSTA, 1 
0x0054	0xD002      	BRA         L_UART1_Write4
;__Lib_UART_c67.c,60 :: 		
0x0056	0x0000      	NOP
0x0058	0xD7FC      	BRA         L_UART1_Write3
L_UART1_Write4:
;__Lib_UART_c67.c,61 :: 		
0x005A	0xFFADC081  	MOVFF       FARG_UART1_Write_data_, TXREG
;__Lib_UART_c67.c,62 :: 		
L_end_UART1_Write:
0x005E	0x0012      	RETURN      0
; end of _UART1_Write
_WordToStr:
;__Lib_Conversions.c,98 :: 		
;__Lib_Conversions.c,103 :: 		
0x0060	0x0100      	MOVLB       0
0x0062	0x6B85      	CLRF        WordToStr_len_L0, 1
L_WordToStr11:
0x0064	0x0E05      	MOVLW       5
0x0066	0x5D85      	SUBWF       WordToStr_len_L0, 0, 1
0x0068	0xE20A      	BC          L_WordToStr12
;__Lib_Conversions.c,104 :: 		
0x006A	0x5185      	MOVF        WordToStr_len_L0, 0, 1
0x006C	0x2583      	ADDWF       FARG_WordToStr_output, 0, 1
0x006E	0x6EE1      	MOVWF       FSR1L 
0x0070	0x0E00      	MOVLW       0
0x0072	0x2184      	ADDWFC      FARG_WordToStr_output+1, 0, 1
0x0074	0x6EE2      	MOVWF       FSR1L+1 
0x0076	0x0E20      	MOVLW       32
0x0078	0x6EE6      	MOVWF       POSTINC1 
;__Lib_Conversions.c,103 :: 		
0x007A	0x2B85      	INCF        WordToStr_len_L0, 1, 1
;__Lib_Conversions.c,104 :: 		
0x007C	0xD7F3      	BRA         L_WordToStr11
L_WordToStr12:
;__Lib_Conversions.c,105 :: 		
0x007E	0x5185      	MOVF        WordToStr_len_L0, 0, 1
0x0080	0x2583      	ADDWF       FARG_WordToStr_output, 0, 1
0x0082	0x6EE1      	MOVWF       FSR1L 
0x0084	0x0E00      	MOVLW       0
0x0086	0x2184      	ADDWFC      FARG_WordToStr_output+1, 0, 1
0x0088	0x6EE2      	MOVWF       FSR1L+1 
0x008A	0x6AE6      	CLRF        POSTINC1 
0x008C	0x0785      	DECF        WordToStr_len_L0, 1, 1
;__Lib_Conversions.c,107 :: 		
L_WordToStr14:
;__Lib_Conversions.c,108 :: 		
0x008E	0x5185      	MOVF        WordToStr_len_L0, 0, 1
0x0090	0x2583      	ADDWF       FARG_WordToStr_output, 0, 1
0x0092	0x6F86      	MOVWF       FLOC__WordToStr, 1
0x0094	0x0E00      	MOVLW       0
0x0096	0x2184      	ADDWFC      FARG_WordToStr_output+1, 0, 1
0x0098	0x6F87      	MOVWF       FLOC__WordToStr+1, 1
0x009A	0x0E0A      	MOVLW       10
0x009C	0x6E04      	MOVWF       R4 
0x009E	0x0E00      	MOVLW       0
0x00A0	0x6E05      	MOVWF       R5 
0x00A2	0xF000C081  	MOVFF       FARG_WordToStr_input, R0
0x00A6	0xF001C082  	MOVFF       FARG_WordToStr_input+1, R1
0x00AA	0xDFB8      	RCALL       _Div_16X16_U
0x00AC	0xF000C008  	MOVFF       R8, R0
0x00B0	0xF001C009  	MOVFF       R9, R1
0x00B4	0x0E30      	MOVLW       48
0x00B6	0x2600      	ADDWF       R0, 1 
0x00B8	0xFFE1C086  	MOVFF       FLOC__WordToStr, FSR1L
0x00BC	0xFFE2C087  	MOVFF       FLOC__WordToStr+1, FSR1H
0x00C0	0xFFE6C000  	MOVFF       R0, POSTINC1
;__Lib_Conversions.c,109 :: 		
0x00C4	0x0E0A      	MOVLW       10
0x00C6	0x6E04      	MOVWF       R4 
0x00C8	0x0E00      	MOVLW       0
0x00CA	0x6E05      	MOVWF       R5 
0x00CC	0xF000C081  	MOVFF       FARG_WordToStr_input, R0
0x00D0	0xF001C082  	MOVFF       FARG_WordToStr_input+1, R1
0x00D4	0xDFA3      	RCALL       _Div_16X16_U
0x00D6	0xF081C000  	MOVFF       R0, FARG_WordToStr_input
0x00DA	0xF082C001  	MOVFF       R1, FARG_WordToStr_input+1
;__Lib_Conversions.c,110 :: 		
0x00DE	0x0E00      	MOVLW       0
0x00E0	0x1801      	XORWF       R1, 0 
0x00E2	0xE102      	BNZ         L__WordToStr379
0x00E4	0x0E00      	MOVLW       0
0x00E6	0x1800      	XORWF       R0, 0 
L__WordToStr379:
0x00E8	0xE101      	BNZ         L_WordToStr16
;__Lib_Conversions.c,111 :: 		
0x00EA	0xD002      	BRA         L_WordToStr15
L_WordToStr16:
;__Lib_Conversions.c,112 :: 		
0x00EC	0x0785      	DECF        WordToStr_len_L0, 1, 1
;__Lib_Conversions.c,113 :: 		
0x00EE	0xD7CF      	BRA         L_WordToStr14
L_WordToStr15:
;__Lib_Conversions.c,114 :: 		
L_end_WordToStr:
0x00F0	0x0012      	RETURN      0
; end of _WordToStr
_SPI1_Init:
;__Lib_SPI_b10c7.c,23 :: 		
;__Lib_SPI_b10c7.c,24 :: 		
0x00F2	0x0E78      	MOVLW       _SPI1_Read
0x00F4	0x0100      	MOVLB       0
0x00F6	0x6F61      	MOVWF       _SPI_Rd_Ptr, 1
0x00F8	0x0E02      	MOVLW       hi_addr(_SPI1_Read)
0x00FA	0x6F62      	MOVWF       _SPI_Rd_Ptr+1, 1
0x00FC	0x0E5F      	MOVLW       FARG_SPI1_Read_buffer
0x00FE	0x6F63      	MOVWF       _SPI_Rd_Ptr+2, 1
0x0100	0x0E00      	MOVLW       hi_addr(FARG_SPI1_Read_buffer)
0x0102	0x6F64      	MOVWF       _SPI_Rd_Ptr+3, 1
;__Lib_SPI_b10c7.c,25 :: 		
0x0104	0x0EFE      	MOVLW       _SPI1_Write
0x0106	0x6F69      	MOVWF       _SPI_Wr_Ptr, 1
0x0108	0x0E01      	MOVLW       hi_addr(_SPI1_Write)
0x010A	0x6F6A      	MOVWF       _SPI_Wr_Ptr+1, 1
0x010C	0x0E5F      	MOVLW       FARG_SPI1_Write_data_
0x010E	0x6F6B      	MOVWF       _SPI_Wr_Ptr+2, 1
0x0110	0x0E00      	MOVLW       hi_addr(FARG_SPI1_Write_data_)
0x0112	0x6F6C      	MOVWF       _SPI_Wr_Ptr+3, 1
;__Lib_SPI_b10c7.c,27 :: 		
0x0114	0x9E94      	BCF         TRISC7_bit, BitPos(TRISC7_bit+0) 
;__Lib_SPI_b10c7.c,28 :: 		
0x0116	0x9293      	BCF         TRISB1_bit, BitPos(TRISB1_bit+0) 
;__Lib_SPI_b10c7.c,29 :: 		
0x0118	0x8093      	BSF         TRISB0_bit, BitPos(TRISB0_bit+0) 
;__Lib_SPI_b10c7.c,31 :: 		
0x011A	0x6AC6      	CLRF        SSPCON1 
;__Lib_SPI_b10c7.c,32 :: 		
0x011C	0x0E40      	MOVLW       64
0x011E	0x6EC7      	MOVWF       SSPSTAT 
;__Lib_SPI_b10c7.c,33 :: 		
0x0120	0x8AC6      	BSF         SSPCON1, 5 
;__Lib_SPI_b10c7.c,35 :: 		
L_end_SPI1_Init:
0x0122	0x0012      	RETURN      0
; end of _SPI1_Init
_IntToStr:
;__Lib_Conversions.c,195 :: 		
;__Lib_Conversions.c,201 :: 		
0x0124	0x0100      	MOVLB       0
0x0126	0x6B7D      	CLRF        IntToStr_negative_L0, 1
0x0128	0x6B7E      	CLRF        IntToStr_negative_L0+1, 1
;__Lib_Conversions.c,202 :: 		
0x012A	0xF07FC077  	MOVFF       FARG_IntToStr_input, IntToStr_inword_L0
0x012E	0xF080C078  	MOVFF       FARG_IntToStr_input+1, IntToStr_inword_L0+1
;__Lib_Conversions.c,203 :: 		
0x0132	0x0E80      	MOVLW       128
0x0134	0x1978      	XORWF       FARG_IntToStr_input+1, 0, 1
0x0136	0x6E00      	MOVWF       R0 
0x0138	0x0E80      	MOVLW       128
0x013A	0x5C00      	SUBWF       R0, 0 
0x013C	0xE102      	BNZ         L__IntToStr387
0x013E	0x0E00      	MOVLW       0
0x0140	0x5D77      	SUBWF       FARG_IntToStr_input, 0, 1
L__IntToStr387:
0x0142	0xE20B      	BC          L_IntToStr37
;__Lib_Conversions.c,204 :: 		
0x0144	0x0E01      	MOVLW       1
0x0146	0x6F7D      	MOVWF       IntToStr_negative_L0, 1
0x0148	0x0E00      	MOVLW       0
0x014A	0x6F7E      	MOVWF       IntToStr_negative_L0+1, 1
;__Lib_Conversions.c,205 :: 		
0x014C	0x5177      	MOVF        FARG_IntToStr_input, 0, 1
0x014E	0x0800      	SUBLW       0
0x0150	0x6F7F      	MOVWF       IntToStr_inword_L0, 1
0x0152	0xF080C078  	MOVFF       FARG_IntToStr_input+1, IntToStr_inword_L0+1
0x0156	0x0E00      	MOVLW       0
0x0158	0x5780      	SUBFWB      IntToStr_inword_L0+1, 1, 1
;__Lib_Conversions.c,206 :: 		
L_IntToStr37:
;__Lib_Conversions.c,207 :: 		
0x015A	0xF081C07F  	MOVFF       IntToStr_inword_L0, FARG_WordToStr_input
0x015E	0xF082C080  	MOVFF       IntToStr_inword_L0+1, FARG_WordToStr_input+1
0x0162	0xF083C079  	MOVFF       FARG_IntToStr_output, FARG_WordToStr_output
0x0166	0xF084C07A  	MOVFF       FARG_IntToStr_output+1, FARG_WordToStr_output+1
0x016A	0xDF7A      	RCALL       _WordToStr
;__Lib_Conversions.c,209 :: 		
0x016C	0x0E06      	MOVLW       6
0x016E	0x6F7B      	MOVWF       IntToStr_i_L0, 1
0x0170	0x0E00      	MOVLW       0
0x0172	0x6F7C      	MOVWF       IntToStr_i_L0+1, 1
;__Lib_Conversions.c,210 :: 		
L_IntToStr38:
0x0174	0x0E00      	MOVLW       0
0x0176	0x6E00      	MOVWF       R0 
0x0178	0x517C      	MOVF        IntToStr_i_L0+1, 0, 1
0x017A	0x5C00      	SUBWF       R0, 0 
0x017C	0xE102      	BNZ         L__IntToStr388
0x017E	0x517B      	MOVF        IntToStr_i_L0, 0, 1
0x0180	0x0800      	SUBLW       0
L__IntToStr388:
0x0182	0xE219      	BC          L_IntToStr39
;__Lib_Conversions.c,211 :: 		
0x0184	0x517B      	MOVF        IntToStr_i_L0, 0, 1
0x0186	0x2579      	ADDWF       FARG_IntToStr_output, 0, 1
0x0188	0x6EE1      	MOVWF       FSR1L 
0x018A	0x517C      	MOVF        IntToStr_i_L0+1, 0, 1
0x018C	0x217A      	ADDWFC      FARG_IntToStr_output+1, 0, 1
0x018E	0x6EE2      	MOVWF       FSR1L+1 
0x0190	0x0E01      	MOVLW       1
0x0192	0x5D7B      	SUBWF       IntToStr_i_L0, 0, 1
0x0194	0x6E00      	MOVWF       R0 
0x0196	0x0E00      	MOVLW       0
0x0198	0x597C      	SUBWFB      IntToStr_i_L0+1, 0, 1
0x019A	0x6E01      	MOVWF       R1 
0x019C	0x5000      	MOVF        R0, 0 
0x019E	0x2579      	ADDWF       FARG_IntToStr_output, 0, 1
0x01A0	0x6EE9      	MOVWF       FSR0L 
0x01A2	0x5001      	MOVF        R1, 0 
0x01A4	0x217A      	ADDWFC      FARG_IntToStr_output+1, 0, 1
0x01A6	0x6EEA      	MOVWF       FSR0L+1 
0x01A8	0xFFE6CFEE  	MOVFF       POSTINC0, POSTINC1
;__Lib_Conversions.c,212 :: 		
0x01AC	0x0E01      	MOVLW       1
0x01AE	0x5F7B      	SUBWF       IntToStr_i_L0, 1, 1
0x01B0	0x0E00      	MOVLW       0
0x01B2	0x5B7C      	SUBWFB      IntToStr_i_L0+1, 1, 1
;__Lib_Conversions.c,213 :: 		
0x01B4	0xD7DF      	BRA         L_IntToStr38
L_IntToStr39:
;__Lib_Conversions.c,214 :: 		
0x01B6	0xFFE1C079  	MOVFF       FARG_IntToStr_output, FSR1L
0x01BA	0xFFE2C07A  	MOVFF       FARG_IntToStr_output+1, FSR1H
0x01BE	0x0E20      	MOVLW       32
0x01C0	0x6EE6      	MOVWF       POSTINC1 
;__Lib_Conversions.c,215 :: 		
0x01C2	0x517D      	MOVF        IntToStr_negative_L0, 0, 1
0x01C4	0x117E      	IORWF       IntToStr_negative_L0+1, 0, 1
0x01C6	0xE01A      	BZ          L_IntToStr40
;__Lib_Conversions.c,216 :: 		
0x01C8	0x6B7B      	CLRF        IntToStr_i_L0, 1
0x01CA	0x6B7C      	CLRF        IntToStr_i_L0+1, 1
;__Lib_Conversions.c,217 :: 		
L_IntToStr41:
0x01CC	0x517B      	MOVF        IntToStr_i_L0, 0, 1
0x01CE	0x2579      	ADDWF       FARG_IntToStr_output, 0, 1
0x01D0	0x6EE9      	MOVWF       FSR0L 
0x01D2	0x517C      	MOVF        IntToStr_i_L0+1, 0, 1
0x01D4	0x217A      	ADDWFC      FARG_IntToStr_output+1, 0, 1
0x01D6	0x6EEA      	MOVWF       FSR0L+1 
0x01D8	0x50EE      	MOVF        POSTINC0, 0 
0x01DA	0x0A20      	XORLW       32
0x01DC	0xE103      	BNZ         L_IntToStr42
0x01DE	0x4B7B      	INFSNZ      IntToStr_i_L0, 1, 1
0x01E0	0x2B7C      	INCF        IntToStr_i_L0+1, 1, 1
0x01E2	0xD7F4      	BRA         L_IntToStr41
L_IntToStr42:
;__Lib_Conversions.c,218 :: 		
0x01E4	0x0E01      	MOVLW       1
0x01E6	0x5F7B      	SUBWF       IntToStr_i_L0, 1, 1
0x01E8	0x0E00      	MOVLW       0
0x01EA	0x5B7C      	SUBWFB      IntToStr_i_L0+1, 1, 1
;__Lib_Conversions.c,219 :: 		
0x01EC	0x517B      	MOVF        IntToStr_i_L0, 0, 1
0x01EE	0x2579      	ADDWF       FARG_IntToStr_output, 0, 1
0x01F0	0x6EE1      	MOVWF       FSR1L 
0x01F2	0x517C      	MOVF        IntToStr_i_L0+1, 0, 1
0x01F4	0x217A      	ADDWFC      FARG_IntToStr_output+1, 0, 1
0x01F6	0x6EE2      	MOVWF       FSR1L+1 
0x01F8	0x0E2D      	MOVLW       45
0x01FA	0x6EE6      	MOVWF       POSTINC1 
L_IntToStr40:
;__Lib_Conversions.c,220 :: 		
L_end_IntToStr:
0x01FC	0x0012      	RETURN      0
; end of _IntToStr
_SPI1_Write:
;__Lib_SPI_b10c7.c,79 :: 		
;__Lib_SPI_b10c7.c,82 :: 		
0x01FE	0xFFC9C05F  	MOVFF       FARG_SPI1_Write_data_, SSPBUF
;__Lib_SPI_b10c7.c,83 :: 		
L_SPI1_Write8:
0x0202	0xB0C7      	BTFSC       SSPSTAT, 0 
0x0204	0xD002      	BRA         L_SPI1_Write9
;__Lib_SPI_b10c7.c,84 :: 		
0x0206	0x0000      	NOP
0x0208	0xD7FC      	BRA         L_SPI1_Write8
L_SPI1_Write9:
;__Lib_SPI_b10c7.c,85 :: 		
0x020A	0xF000CFC9  	MOVFF       SSPBUF, R0
;__Lib_SPI_b10c7.c,87 :: 		
L_end_SPI1_Write:
0x020E	0x0012      	RETURN      0
; end of _SPI1_Write
___CC2DW:
;__Lib_System.c,21 :: 		
;__Lib_System.c,23 :: 		
_CC2DL_Loop1:
;__Lib_System.c,24 :: 		
0x0210	0x0009      	TBLRD*+
;__Lib_System.c,25 :: 		
0x0212	0xFFE6CFF5  	MOVFF       TABLAT, POSTINC1
;__Lib_System.c,26 :: 		
0x0216	0x0600      	DECF        R0, 1, 0
;__Lib_System.c,27 :: 		
0x0218	0xE1FB      	BNZ         _CC2DL_Loop1
;__Lib_System.c,28 :: 		
0x021A	0x0601      	DECF        R1, 1, 0
;__Lib_System.c,29 :: 		
0x021C	0xE1F9      	BNZ         _CC2DL_Loop1
;__Lib_System.c,31 :: 		
L_end___CC2DW:
0x021E	0x0012      	RETURN      0
; end of ___CC2DW
_UART1_Init:
;__Lib_UART_c67.c,15 :: 		
;__Lib_UART_c67.c,18 :: 		
0x0220	0x0E52      	MOVLW       _UART1_Write
0x0222	0x0100      	MOVLB       0
0x0224	0x6F65      	MOVWF       _UART_Wr_Ptr, 1
0x0226	0x0E00      	MOVLW       hi_addr(_UART1_Write)
0x0228	0x6F66      	MOVWF       _UART_Wr_Ptr+1, 1
0x022A	0x0E81      	MOVLW       FARG_UART1_Write_data_
0x022C	0x6F67      	MOVWF       _UART_Wr_Ptr+2, 1
0x022E	0x0E00      	MOVLW       hi_addr(FARG_UART1_Write_data_)
0x0230	0x6F68      	MOVWF       _UART_Wr_Ptr+3, 1
;__Lib_UART_c67.c,19 :: 		
0x0232	0x0EFF      	MOVLW       _UART1_Read
0x0234	0x6E59      	MOVWF       _UART_Rd_Ptr 
0x0236	0x0EFF      	MOVLW       hi_addr(_UART1_Read)
0x0238	0x6E5A      	MOVWF       _UART_Rd_Ptr+1 
0x023A	0x0E00      	MOVLW       0
0x023C	0x6E5B      	MOVWF       _UART_Rd_Ptr+2 
0x023E	0x0E00      	MOVLW       0
0x0240	0x6E5C      	MOVWF       _UART_Rd_Ptr+3 
;__Lib_UART_c67.c,20 :: 		
0x0242	0x0EFF      	MOVLW       _UART1_Data_Ready
0x0244	0x6E51      	MOVWF       _UART_Rdy_Ptr 
0x0246	0x0EFF      	MOVLW       hi_addr(_UART1_Data_Ready)
0x0248	0x6E52      	MOVWF       _UART_Rdy_Ptr+1 
0x024A	0x0E00      	MOVLW       0
0x024C	0x6E53      	MOVWF       _UART_Rdy_Ptr+2 
0x024E	0x0E00      	MOVLW       0
0x0250	0x6E54      	MOVWF       _UART_Rdy_Ptr+3 
;__Lib_UART_c67.c,21 :: 		
0x0252	0x0EFF      	MOVLW       _UART1_Tx_Idle
0x0254	0x6E55      	MOVWF       _UART_Tx_Idle_Ptr 
0x0256	0x0EFF      	MOVLW       hi_addr(_UART1_Tx_Idle)
0x0258	0x6E56      	MOVWF       _UART_Tx_Idle_Ptr+1 
0x025A	0x0E00      	MOVLW       0
0x025C	0x6E57      	MOVWF       _UART_Tx_Idle_Ptr+2 
0x025E	0x0E00      	MOVLW       0
0x0260	0x6E58      	MOVWF       _UART_Tx_Idle_Ptr+3 
;__Lib_UART_c67.c,23 :: 		
0x0262	0x8AAC      	BSF         TXSTA, 5 
;__Lib_UART_c67.c,24 :: 		
0x0264	0x0E90      	MOVLW       144
0x0266	0x6EAB      	MOVWF       RCSTA 
;__Lib_UART_c67.c,25 :: 		
0x0268	0x8E94      	BSF         TRISC7_bit, BitPos(TRISC7_bit+0) 
;__Lib_UART_c67.c,26 :: 		
0x026A	0x9C94      	BCF         TRISC6_bit, BitPos(TRISC6_bit+0) 
;__Lib_UART_c67.c,28 :: 		
L_UART1_Init0:
0x026C	0xAA9E      	BTFSS       PIR1, 5 
0x026E	0xD003      	BRA         L_UART1_Init1
;__Lib_UART_c67.c,29 :: 		
0x0270	0xF000CFAE  	MOVFF       RCREG, R0
0x0274	0xD7FB      	BRA         L_UART1_Init0
L_UART1_Init1:
;__Lib_UART_c67.c,30 :: 		
L_end_UART1_Init:
0x0276	0x0012      	RETURN      0
; end of _UART1_Init
_SPI1_Read:
;__Lib_SPI_b10c7.c,68 :: 		
;__Lib_SPI_b10c7.c,69 :: 		
0x0278	0xFFC9C05F  	MOVFF       FARG_SPI1_Read_buffer, SSPBUF
;__Lib_SPI_b10c7.c,70 :: 		
L_SPI1_Read6:
0x027C	0xB0C7      	BTFSC       SSPSTAT, 0 
0x027E	0xD002      	BRA         L_SPI1_Read7
;__Lib_SPI_b10c7.c,71 :: 		
0x0280	0x0000      	NOP
0x0282	0xD7FC      	BRA         L_SPI1_Read6
L_SPI1_Read7:
;__Lib_SPI_b10c7.c,72 :: 		
0x0284	0xF000CFC9  	MOVFF       SSPBUF, R0
;__Lib_SPI_b10c7.c,75 :: 		
L_end_SPI1_Read:
0x0288	0x0012      	RETURN      0
; end of _SPI1_Read
_UART1_Write_Text:
;__Lib_UART_c67.c,66 :: 		
;__Lib_UART_c67.c,67 :: 		
0x028A	0x0100      	MOVLB       0
0x028C	0x6B60      	CLRF        UART1_Write_Text_counter_L0, 1
;__Lib_UART_c67.c,69 :: 		
0x028E	0xFFE9C077  	MOVFF       FARG_UART1_Write_Text_uart_text, FSR0L
0x0292	0xFFEAC078  	MOVFF       FARG_UART1_Write_Text_uart_text+1, FSR0H
0x0296	0xF05FCFEE  	MOVFF       POSTINC0, UART1_Write_Text_data__L0
;__Lib_UART_c67.c,70 :: 		
L_UART1_Write_Text5:
0x029A	0x505F      	MOVF        UART1_Write_Text_data__L0, 0 
0x029C	0x0A00      	XORLW       0
0x029E	0xE00E      	BZ          L_UART1_Write_Text6
;__Lib_UART_c67.c,71 :: 		
0x02A0	0xF081C05F  	MOVFF       UART1_Write_Text_data__L0, FARG_UART1_Write_data_
0x02A4	0xDED6      	RCALL       _UART1_Write
;__Lib_UART_c67.c,72 :: 		
0x02A6	0x0100      	MOVLB       0
0x02A8	0x2B60      	INCF        UART1_Write_Text_counter_L0, 1, 1
;__Lib_UART_c67.c,73 :: 		
0x02AA	0x5160      	MOVF        UART1_Write_Text_counter_L0, 0, 1
0x02AC	0x2577      	ADDWF       FARG_UART1_Write_Text_uart_text, 0, 1
0x02AE	0x6EE9      	MOVWF       FSR0L 
0x02B0	0x0E00      	MOVLW       0
0x02B2	0x2178      	ADDWFC      FARG_UART1_Write_Text_uart_text+1, 0, 1
0x02B4	0x6EEA      	MOVWF       FSR0L+1 
0x02B6	0xF05FCFEE  	MOVFF       POSTINC0, UART1_Write_Text_data__L0
;__Lib_UART_c67.c,74 :: 		
0x02BA	0xD7EF      	BRA         L_UART1_Write_Text5
L_UART1_Write_Text6:
;__Lib_UART_c67.c,75 :: 		
L_end_UART1_Write_Text:
0x02BC	0x0012      	RETURN      0
; end of _UART1_Write_Text
_main:
0x02BE	0xF001ECF5  	CALL        1002, 0
;MyProject.c,36 :: 		void main() {
;MyProject.c,38 :: 		unsigned char udt = 55;
0x02C2	0x0E37      	MOVLW       55
0x02C4	0x6E5E      	MOVWF       main_udt_L0 
;MyProject.c,42 :: 		UART1_Init(9600);
0x02C6	0x86B8      	BSF         BAUDCON, 3, 0
0x02C8	0x0E01      	MOVLW       1
0x02CA	0x6EB0      	MOVWF       SPBRGH 
0x02CC	0x0EA0      	MOVLW       160
0x02CE	0x6EAF      	MOVWF       SPBRG 
0x02D0	0x84AC      	BSF         TXSTA, 2, 0
0x02D2	0xDFA6      	RCALL       _UART1_Init
;MyProject.c,43 :: 		if (error > 0) {
0x02D4	0x505D      	MOVF        main_error_L0, 0 
0x02D6	0x0800      	SUBLW       0
0x02D8	0xE201      	BC          L_main3
;MyProject.c,44 :: 		while(1) ;                            // Stop program
L_main4:
0x02DA	0xD7FF      	BRA         L_main4
;MyProject.c,45 :: 		}
L_main3:
;MyProject.c,47 :: 		UART1_Write_Text("Serial correcto\n");
0x02DC	0x0E40      	MOVLW       ?lstr1_MyProject
0x02DE	0x6F77      	MOVWF       FARG_UART1_Write_Text_uart_text, 1
0x02E0	0x0E00      	MOVLW       hi_addr(?lstr1_MyProject)
0x02E2	0x6F78      	MOVWF       FARG_UART1_Write_Text_uart_text+1, 1
0x02E4	0xDFD2      	RCALL       _UART1_Write_Text
;MyProject.c,48 :: 		Chip_Select = 1;                       // Deselect DAC
0x02E6	0x8880      	BSF         RA4_bit, BitPos(RA4_bit+0) 
;MyProject.c,49 :: 		Chip_Select_Direction = 0;             // Set CS# pin as Output
0x02E8	0x9892      	BCF         TRISA4_bit, BitPos(TRISA4_bit+0) 
;MyProject.c,50 :: 		Correct_Direction = 0;
0x02EA	0x9E95      	BCF         TRISD7_bit, BitPos(TRISD7_bit+0) 
;MyProject.c,51 :: 		Correct = 1;
0x02EC	0x8E83      	BSF         RD7_bit, BitPos(RD7_bit+0) 
;MyProject.c,52 :: 		Chip_Select = 1;
0x02EE	0x8880      	BSF         RA4_bit, BitPos(RA4_bit+0) 
;MyProject.c,58 :: 		SPI1_Init();
0x02F0	0xDF00      	RCALL       _SPI1_Init
;MyProject.c,61 :: 		UART1_Write_Text("SPI iniciado\n");
0x02F2	0x0E15      	MOVLW       ?lstr2_MyProject
0x02F4	0x6F77      	MOVWF       FARG_UART1_Write_Text_uart_text, 1
0x02F6	0x0E00      	MOVLW       hi_addr(?lstr2_MyProject)
0x02F8	0x6F78      	MOVWF       FARG_UART1_Write_Text_uart_text+1, 1
0x02FA	0xDFC7      	RCALL       _UART1_Write_Text
;MyProject.c,62 :: 		while (1){
L_main6:
;MyProject.c,64 :: 		Chip_Select = 0;
0x02FC	0x9880      	BCF         RA4_bit, BitPos(RA4_bit+0) 
;MyProject.c,66 :: 		SPI1_Write(0b01011010);
0x02FE	0x0E5A      	MOVLW       90
0x0300	0x6E5F      	MOVWF       FARG_SPI1_Write_data_ 
0x0302	0xDF7D      	RCALL       _SPI1_Write
;MyProject.c,68 :: 		Delay_ms (10);
0x0304	0x0E34      	MOVLW       52
0x0306	0x6E0C      	MOVWF       R12, 0
0x0308	0x0EF1      	MOVLW       241
0x030A	0x6E0D      	MOVWF       R13, 0
L_main8:
0x030C	0x2E0D      	DECFSZ      R13, 1, 0
0x030E	0xD7FE      	BRA         L_main8
0x0310	0x2E0C      	DECFSZ      R12, 1, 0
0x0312	0xD7FC      	BRA         L_main8
0x0314	0x0000      	NOP
0x0316	0x0000      	NOP
;MyProject.c,71 :: 		udt = SPI1_Read(0b01011010);
0x0318	0x0E5A      	MOVLW       90
0x031A	0x6E5F      	MOVWF       FARG_SPI1_Read_buffer 
0x031C	0xDFAD      	RCALL       _SPI1_Read
0x031E	0xF05EC000  	MOVFF       R0, main_udt_L0
;MyProject.c,72 :: 		Delay_ms (500);
0x0322	0x0E0B      	MOVLW       11
0x0324	0x6E0B      	MOVWF       R11, 0
0x0326	0x0E26      	MOVLW       38
0x0328	0x6E0C      	MOVWF       R12, 0
0x032A	0x0E5D      	MOVLW       93
0x032C	0x6E0D      	MOVWF       R13, 0
L_main9:
0x032E	0x2E0D      	DECFSZ      R13, 1, 0
0x0330	0xD7FE      	BRA         L_main9
0x0332	0x2E0C      	DECFSZ      R12, 1, 0
0x0334	0xD7FC      	BRA         L_main9
0x0336	0x2E0B      	DECFSZ      R11, 1, 0
0x0338	0xD7FA      	BRA         L_main9
0x033A	0x0000      	NOP
0x033C	0x0000      	NOP
;MyProject.c,73 :: 		Chip_Select = 1;
0x033E	0x8880      	BSF         RA4_bit, BitPos(RA4_bit+0) 
;MyProject.c,74 :: 		Delay_ms (500);
0x0340	0x0E0B      	MOVLW       11
0x0342	0x6E0B      	MOVWF       R11, 0
0x0344	0x0E26      	MOVLW       38
0x0346	0x6E0C      	MOVWF       R12, 0
0x0348	0x0E5D      	MOVLW       93
0x034A	0x6E0D      	MOVWF       R13, 0
L_main10:
0x034C	0x2E0D      	DECFSZ      R13, 1, 0
0x034E	0xD7FE      	BRA         L_main10
0x0350	0x2E0C      	DECFSZ      R12, 1, 0
0x0352	0xD7FC      	BRA         L_main10
0x0354	0x2E0B      	DECFSZ      R11, 1, 0
0x0356	0xD7FA      	BRA         L_main10
0x0358	0x0000      	NOP
0x035A	0x0000      	NOP
;MyProject.c,75 :: 		if (udt != 0b01010101){
0x035C	0x505E      	MOVF        main_udt_L0, 0 
0x035E	0x0A55      	XORLW       85
0x0360	0xE01D      	BZ          L_main11
;MyProject.c,76 :: 		IntToStr(udt,str)   ;
0x0362	0xF077C05E  	MOVFF       main_udt_L0, FARG_IntToStr_input
0x0366	0x0E00      	MOVLW       0
0x0368	0x0100      	MOVLB       0
0x036A	0x6F78      	MOVWF       FARG_IntToStr_input+1, 1
0x036C	0x0E6D      	MOVLW       main_str_L0
0x036E	0x6F79      	MOVWF       FARG_IntToStr_output, 1
0x0370	0x0E00      	MOVLW       hi_addr(main_str_L0)
0x0372	0x6F7A      	MOVWF       FARG_IntToStr_output+1, 1
0x0374	0xDED7      	RCALL       _IntToStr
;MyProject.c,79 :: 		UART1_Write_Text("Dato recibido\n");
0x0376	0x0E31      	MOVLW       ?lstr3_MyProject
0x0378	0x6F77      	MOVWF       FARG_UART1_Write_Text_uart_text, 1
0x037A	0x0E00      	MOVLW       hi_addr(?lstr3_MyProject)
0x037C	0x6F78      	MOVWF       FARG_UART1_Write_Text_uart_text+1, 1
0x037E	0xDF85      	RCALL       _UART1_Write_Text
;MyProject.c,80 :: 		Correct = 0;
0x0380	0x9E83      	BCF         RD7_bit, BitPos(RD7_bit+0) 
;MyProject.c,82 :: 		UART1_Write(udt)  ;
0x0382	0xF081C05E  	MOVFF       main_udt_L0, FARG_UART1_Write_data_
0x0386	0xDE65      	RCALL       _UART1_Write
;MyProject.c,84 :: 		UART1_Write_Text(str)  ;
0x0388	0x0E6D      	MOVLW       main_str_L0
0x038A	0x0100      	MOVLB       0
0x038C	0x6F77      	MOVWF       FARG_UART1_Write_Text_uart_text, 1
0x038E	0x0E00      	MOVLW       hi_addr(main_str_L0)
0x0390	0x6F78      	MOVWF       FARG_UART1_Write_Text_uart_text+1, 1
0x0392	0xDF7B      	RCALL       _UART1_Write_Text
;MyProject.c,87 :: 		UART1_Write('\n')  ;
0x0394	0x0E0A      	MOVLW       10
0x0396	0x6F81      	MOVWF       FARG_UART1_Write_data_, 1
0x0398	0xDE5C      	RCALL       _UART1_Write
;MyProject.c,88 :: 		}
0x039A	0xD007      	BRA         L_main12
L_main11:
;MyProject.c,90 :: 		Correct = 1;
0x039C	0x8E83      	BSF         RD7_bit, BitPos(RD7_bit+0) 
;MyProject.c,92 :: 		UART1_Write_Text("RFM correcto\n");
0x039E	0x0E23      	MOVLW       ?lstr4_MyProject
0x03A0	0x0100      	MOVLB       0
0x03A2	0x6F77      	MOVWF       FARG_UART1_Write_Text_uart_text, 1
0x03A4	0x0E00      	MOVLW       hi_addr(?lstr4_MyProject)
0x03A6	0x6F78      	MOVWF       FARG_UART1_Write_Text_uart_text+1, 1
0x03A8	0xDF70      	RCALL       _UART1_Write_Text
;MyProject.c,93 :: 		}
L_main12:
;MyProject.c,94 :: 		}
0x03AA	0xD7A8      	BRA         L_main6
;MyProject.c,95 :: 		}
L_end_main:
0x03AC	0xD7FF      	BRA         $+0
; end of _main
0x03EA	0xF015EE10  	LFSR        1, 21
0x03EE	0x0E3C      	MOVLW       60
0x03F0	0x6E00      	MOVWF       R0 
0x03F2	0x0E01      	MOVLW       1
0x03F4	0x6E01      	MOVWF       R1 
0x03F6	0x0EAE      	MOVLW       174
0x03F8	0x6EF6      	MOVWF       TBLPTR 
0x03FA	0x0E03      	MOVLW       3
0x03FC	0x6EF7      	MOVWF       TBLPTRH 
0x03FE	0x0E00      	MOVLW       0
0x0400	0x6EF8      	MOVWF       TBLPTRU 
0x0402	0xF001EC08  	CALL        528, 0
0x0406	0x0012      	RETURN      0
;MyProject.c,0 :: ?ICS?lstr2_MyProject
0x03AE	0x5053 ;?ICS?lstr2_MyProject+0
0x03B0	0x2049 ;?ICS?lstr2_MyProject+2
0x03B2	0x6E69 ;?ICS?lstr2_MyProject+4
0x03B4	0x6369 ;?ICS?lstr2_MyProject+6
0x03B6	0x6169 ;?ICS?lstr2_MyProject+8
0x03B8	0x6F64 ;?ICS?lstr2_MyProject+10
0x03BA	0x000A ;?ICS?lstr2_MyProject+12
; end of ?ICS?lstr2_MyProject
;MyProject.c,0 :: ?ICS?lstr4_MyProject
0x03BC	0x4652 ;?ICS?lstr4_MyProject+0
0x03BE	0x204D ;?ICS?lstr4_MyProject+2
0x03C0	0x6F63 ;?ICS?lstr4_MyProject+4
0x03C2	0x7272 ;?ICS?lstr4_MyProject+6
0x03C4	0x6365 ;?ICS?lstr4_MyProject+8
0x03C6	0x6F74 ;?ICS?lstr4_MyProject+10
0x03C8	0x000A ;?ICS?lstr4_MyProject+12
; end of ?ICS?lstr4_MyProject
;MyProject.c,0 :: ?ICS?lstr3_MyProject
0x03CA	0x6144 ;?ICS?lstr3_MyProject+0
0x03CC	0x6F74 ;?ICS?lstr3_MyProject+2
0x03CE	0x7220 ;?ICS?lstr3_MyProject+4
0x03D0	0x6365 ;?ICS?lstr3_MyProject+6
0x03D2	0x6269 ;?ICS?lstr3_MyProject+8
0x03D4	0x6469 ;?ICS?lstr3_MyProject+10
0x03D6	0x0A6F ;?ICS?lstr3_MyProject+12
0x03D8	0x00 ;?ICS?lstr3_MyProject+14
; end of ?ICS?lstr3_MyProject
;MyProject.c,0 :: ?ICS?lstr1_MyProject
0x03D9	0x6553 ;?ICS?lstr1_MyProject+0
0x03DB	0x6972 ;?ICS?lstr1_MyProject+2
0x03DD	0x6C61 ;?ICS?lstr1_MyProject+4
0x03DF	0x6320 ;?ICS?lstr1_MyProject+6
0x03E1	0x726F ;?ICS?lstr1_MyProject+8
0x03E3	0x6572 ;?ICS?lstr1_MyProject+10
0x03E5	0x7463 ;?ICS?lstr1_MyProject+12
0x03E7	0x0A6F ;?ICS?lstr1_MyProject+14
0x03E9	0x00 ;?ICS?lstr1_MyProject+16
; end of ?ICS?lstr1_MyProject
Symbol List:
//** Routines locations **
//ADDRESS    SIZE    PROCEDURE
//----------------------------------------------
0x001C      [54]    _Div_16X16_U
0x0052      [14]    _UART1_Write
0x0060     [146]    _WordToStr
0x00F2      [50]    _SPI1_Init
0x0124     [218]    _IntToStr
0x01FE      [18]    _SPI1_Write
0x0210      [16]    ___CC2DW
0x0220      [88]    _UART1_Init
0x0278      [18]    _SPI1_Read
0x028A      [52]    _UART1_Write_Text
0x02BE     [240]    _main
//** Variables locations ** 
//ADDRESS    SIZE    VARIABLE
//----------------------------------------------
0x0000       [1]    R0
0x0000       [1]    SPI1_Write_tmp_L0
0x0000       [1]    UART1_Init_tmp_L0
0x0001       [1]    UART1_Read___tmp_UART1_Read_L0
0x0001       [1]    R1
0x0001       [1]    __Lib_Conversions_Adjust_Hex_tmp_L0
0x0002       [2]    memcpy_dd_L0
0x0002       [2]    memset_pp_L0
0x0002       [2]    strlen_cp_L0
0x0002       [1]    R2
0x0002       [2]    memchr_s_L0
0x0003       [2]    memmove_tt_L0
0x0003       [2]    Ltrim_original_L0
0x0003       [1]    R3
0x0004       [2]    strcat_cp_L0
0x0004       [2]    strcpy_cp_L0
0x0004       [2]    strncpy_cp_L0
0x0004       [2]    strncat_cp_L0
0x0004       [1]    R4
0x0004       [2]    memcpy_ss_L0
0x0005       [2]    LongIntToHex_input_half_L0
0x0005       [2]    LongWordToHex_input_half_L0
0x0005       [1]    R5
0x0005       [2]    Ltrim_p_L0
0x0005       [2]    memmove_ff_L0
0x0006       [1]    R6
0x0007       [1]    R7
0x0008       [1]    R8
0x0009       [1]    R9
0x000A       [1]    R10
0x000B       [1]    R11
0x000C       [1]    R12
0x000D       [1]    R13
0x000E       [1]    R14
0x000F       [1]    R15
0x0010       [1]    R16
0x0011       [1]    R17
0x0012       [1]    R18
0x0013       [1]    R19
0x0014       [1]    R20
0x0015      [14]    ?lstr2_MyProject
0x0023      [14]    ?lstr4_MyProject
0x0031      [15]    ?lstr3_MyProject
0x0040      [17]    ?lstr1_MyProject
0x0051       [4]    _UART_Rdy_Ptr
0x0055       [4]    _UART_Tx_Idle_Ptr
0x0059       [4]    _UART_Rd_Ptr
0x005D       [1]    main_error_L0
0x005E       [1]    main_udt_L0
0x005F       [1]    FARG_SPI1_Read_buffer
0x005F       [1]    FARG_SPI1_Write_data_
0x005F       [1]    UART1_Write_Text_data__L0
0x0060       [1]    UART1_Write_Text_counter_L0
0x0061       [4]    _SPI_Rd_Ptr
0x0065       [4]    _UART_Wr_Ptr
0x0069       [4]    _SPI_Wr_Ptr
0x006D      [10]    main_str_L0
0x0077       [2]    FARG_IntToStr_input
0x0077       [2]    FARG_UART1_Write_Text_uart_text
0x0079       [2]    FARG_IntToStr_output
0x007B       [2]    IntToStr_i_L0
0x007D       [2]    IntToStr_negative_L0
0x007F       [2]    IntToStr_inword_L0
0x0081       [2]    FARG_WordToStr_input
0x0081       [1]    FARG_UART1_Write_data_
0x0083       [2]    FARG_WordToStr_output
0x0085       [1]    WordToStr_len_L0
0x0086       [2]    FLOC__WordToStr
0x0F80       [0]    Chip_Select
0x0F80       [0]    RA4_bit
0x0F83       [0]    RD7_bit
0x0F83       [0]    Correct
0x0F92       [0]    TRISA4_bit
0x0F92       [0]    Chip_Select_Direction
0x0F93       [0]    TRISB0_bit
0x0F93       [0]    TRISB1_bit
0x0F94       [0]    TRISC7_bit
0x0F94       [0]    TRISC6_bit
0x0F95       [0]    Correct_Direction
0x0F95       [0]    TRISD7_bit
0x0F9E       [1]    PIR1
0x0FAB       [1]    RCSTA
0x0FAC       [1]    TXSTA
0x0FAD       [1]    TXREG
0x0FAE       [1]    RCREG
0x0FAF       [1]    SPBRG
0x0FB0       [1]    SPBRGH
0x0FB8       [1]    BAUDCON
0x0FC6       [1]    SSPCON1
0x0FC7       [1]    SSPSTAT
0x0FC9       [1]    SSPBUF
0x0FD8       [1]    STATUS
0x0FD9       [1]    FSR2L
0x0FDA       [1]    FSR2H
0x0FDE       [1]    POSTINC2
0x0FE0       [1]    BSR
0x0FE1       [1]    FSR1L
0x0FE2       [1]    FSR1H
0x0FE4       [1]    PREINC1
0x0FE6       [1]    POSTINC1
0x0FE7       [1]    INDF1
0x0FE8       [1]    WREG
0x0FE9       [1]    FSR0L
0x0FEA       [1]    FSR0H
0x0FEE       [1]    POSTINC0
0x0FF3       [1]    PRODL
0x0FF4       [1]    PRODH
0x0FF5       [1]    TABLAT
0x0FF6       [1]    TBLPTRL
0x0FF6       [3]    TBLPTR
0x0FF7       [1]    TBLPTRH
0x0FF8       [1]    TBLPTRU
//** Constants locations ** 
//ADDRESS    SIZE    CONSTANT
//----------------------------------------------
0x03AE      [14]    ?ICS?lstr2_MyProject
0x03BC      [14]    ?ICS?lstr4_MyProject
0x03CA      [15]    ?ICS?lstr3_MyProject
0x03D9      [17]    ?ICS?lstr1_MyProject
