Compiling I:\CanSat\Nueva carpeta\RFM69\Receptor\New\RFM69 on 21-may.-23 at 11:27
*** Error 1 "C:\Program Files (x86)\PICC\Devices\18F4550.h" Line 698(1,2): Illegal C character in input file  0x80
*** Error 1 "C:\Program Files (x86)\PICC\Devices\18F4550.h" Line 698(1,2): Illegal C character in input file  0x00
*** Error 1 "C:\Program Files (x86)\PICC\Devices\18F4550.h" Line 698(1,2): Illegal C character in input file  0x1B
*** Error 1 "C:\Program Files (x86)\PICC\Devices\18F4550.h" Line 698(2,3): Illegal C character in input file  0x00
*** Error 1 "C:\Program Files (x86)\PICC\Devices\18F4550.h" Line 698(2,3): Illegal C character in input file  0x00
*** Error 1 "C:\Program Files (x86)\PICC\Devices\18F4550.h" Line 698(2,3): Illegal C character in input file  0xFF
*** Error 1 "C:\Program Files (x86)\PICC\Devices\18F4550.h" Line 698(2,3): Illegal C character in input file  0xFF
*** Error 1 "C:\Program Files (x86)\PICC\Devices\18F4550.h" Line 698(2,3): Illegal C character in input file  0xFF
*** Error 1 "C:\Program Files (x86)\PICC\Devices\18F4550.h" Line 698(2,3): Illegal C character in input file  0x00
*** Error 1 "C:\Program Files (x86)\PICC\Devices\18F4550.h" Line 698(2,3): Illegal C character in input file  0x06
*** Error 1 "C:\Program Files (x86)\PICC\Devices\18F4550.h" Line 698(2,3): Illegal C character in input file  0x00
*** Error 1 "C:\Program Files (x86)\PICC\Devices\18F4550.h" Line 698(2,3): Illegal C character in input file  0x00
*** Error 1 "C:\Program Files (x86)\PICC\Devices\18F4550.h" Line 698(2,3): Illegal C character in input file  0x00
*** Error 1 "C:\Program Files (x86)\PICC\Devices\18F4550.h" Line 698(2,3): Illegal C character in input file  0x00
*** Error 1 "C:\Program Files (x86)\PICC\Devices\18F4550.h" Line 698(2,3): Illegal C character in input file  0x00
*** Error 1 "C:\Program Files (x86)\PICC\Devices\18F4550.h" Line 698(2,3): Illegal C character in input file  0x00
*** Error 1 "C:\Program Files (x86)\PICC\Devices\18F4550.h" Line 698(2,3): Illegal C character in input file  0x00
*** Error 1 "C:\Program Files (x86)\PICC\Devices\18F4550.h" Line 698(2,3): Illegal C character in input file  0x02
*** Error 32 "C:\Program Files (x86)\PICC\Devices\18F4550.h" Line 698(1,2): Expecting a , or )
*** Error 1 "C:\Program Files (x86)\PICC\Devices\18F4550.h" Line 698(7,8): Illegal C character in input file  0xCB
*** Error 1 "C:\Program Files (x86)\PICC\Devices\18F4550.h" Line 698(7,8): Illegal C character in input file  0xBF
*** Error 48 "C:\Program Files (x86)\PICC\Devices\18F4550.h" Line 698(7,8): Expecting a (
*** Error 1 "C:\Program Files (x86)\PICC\Devices\18F4550.h" Line 698(13,14): Illegal C character in input file  0x01
*** Error 1 "C:\Program Files (x86)\PICC\Devices\18F4550.h" Line 698(13,14): Illegal C character in input file  0xE6
*** Error 1 "C:\Program Files (x86)\PICC\Devices\18F4550.h" Line 698(13,14): Illegal C character in input file  0x40
*** Error 1 "C:\Program Files (x86)\PICC\Devices\18F4550.h" Line 698(13,14): Illegal C character in input file  0x00
*** Error 1 "C:\Program Files (x86)\PICC\Devices\18F4550.h" Line 698(13,14): Illegal C character in input file  0x00
*** Error 1 "C:\Program Files (x86)\PICC\Devices\18F4550.h" Line 698(13,14): Illegal C character in input file  0x00
*** Error 1 "C:\Program Files (x86)\PICC\Devices\18F4550.h" Line 698(13,14): Illegal C character in input file  0x00
*** Error 1 "C:\Program Files (x86)\PICC\Devices\18F4550.h" Line 698(13,14): Illegal C character in input file  0x00
*** Error 1 "C:\Program Files (x86)\PICC\Devices\18F4550.h" Line 698(13,14): Illegal C character in input file  0x00
*** Error 1 "C:\Program Files (x86)\PICC\Devices\18F4550.h" Line 698(13,14): Illegal C character in input file  0x00
*** Error 1 "C:\Program Files (x86)\PICC\Devices\18F4550.h" Line 698(13,14): Illegal C character in input file  0x00
*** Error 1 "C:\Program Files (x86)\PICC\Devices\18F4550.h" Line 698(13,14): Illegal C character in input file  0x00
*** Error 1 "C:\Program Files (x86)\PICC\Devices\18F4550.h" Line 698(13,14): Illegal C character in input file  0x00
*** Error 1 "C:\Program Files (x86)\PICC\Devices\18F4550.h" Line 698(13,14): Illegal C character in input file  0x00
*** Error 1 "C:\Program Files (x86)\PICC\Devices\18F4550.h" Line 698(13,14): Illegal C character in input file  0x00
*** Error 1 "C:\Program Files (x86)\PICC\Devices\18F4550.h" Line 698(13,14): Illegal C character in input file  0x00
*** Error 1 "C:\Program Files (x86)\PICC\Devices\18F4550.h" Line 698(13,14): Illegal C character in input file  0x00
*** Error 1 "C:\Program Files (x86)\PICC\Devices\18F4550.h" Line 698(13,14): Illegal C character in input file  0x00
*** Error 1 "C:\Program Files (x86)\PICC\Devices\18F4550.h" Line 698(13,14): Illegal C character in input file  0x00
*** Error 1 "C:\Program Files (x86)\PICC\Devices\18F4550.h" Line 698(13,14): Illegal C character in input file  0x00
*** Error 1 "C:\Program Files (x86)\PICC\Devices\18F4550.h" Line 698(13,14): Illegal C character in input file  0x00
*** Error 1 "C:\Program Files (x86)\PICC\Devices\18F4550.h" Line 698(13,14): Illegal C character in input file  0x00
*** Error 1 "C:\Program Files (x86)\PICC\Devices\18F4550.h" Line 698(13,14): Illegal C character in input file  0x00
*** Error 1 "C:\Program Files (x86)\PICC\Devices\18F4550.h" Line 698(13,14): Illegal C character in input file  0x00
*** Error 1 "C:\Program Files (x86)\PICC\Devices\18F4550.h" Line 698(13,14): Illegal C character in input file  0x00
*** Error 1 "C:\Program Files (x86)\PICC\Devices\18F4550.h" Line 698(13,14): Illegal C character in input file  0x00
*** Error 1 "C:\Program Files (x86)\PICC\Devices\18F4550.h" Line 698(13,14): Illegal C character in input file  0x00
*** Error 1 "C:\Program Files (x86)\PICC\Devices\18F4550.h" Line 698(13,14): Illegal C character in input file  0x00
*** Error 1 "C:\Program Files (x86)\PICC\Devices\18F4550.h" Line 698(13,14): Illegal C character in input file  0x00
*** Error 1 "C:\Program Files (x86)\PICC\Devices\18F4550.h" Line 698(13,14): Illegal C character in input file  0x00
*** Error 1 "C:\Program Files (x86)\PICC\Devices\18F4550.h" Line 698(13,14): Illegal C character in input file  0x00
*** Error 1 "C:\Program Files (x86)\PICC\Devices\18F4550.h" Line 698(13,14): Illegal C character in input file  0x00
*** Error 1 "C:\Program Files (x86)\PICC\Devices\18F4550.h" Line 698(13,14): Illegal C character in input file  0x00
*** Error 1 "C:\Program Files (x86)\PICC\Devices\18F4550.h" Line 698(13,14): Illegal C character in input file  0x00
*** Error 1 "C:\Program Files (x86)\PICC\Devices\18F4550.h" Line 698(13,14): Illegal C character in input file  0x00
*** Error 1 "C:\Program Files (x86)\PICC\Devices\18F4550.h" Line 698(13,14): Illegal C character in input file  0x00
*** Error 1 "C:\Program Files (x86)\PICC\Devices\18F4550.h" Line 698(13,14): Illegal C character in input file  0x00
*** Error 1 "C:\Program Files (x86)\PICC\Devices\18F4550.h" Line 698(13,14): Illegal C character in input file  0x00
*** Error 1 "C:\Program Files (x86)\PICC\Devices\18F4550.h" Line 698(13,14): Illegal C character in input file  0x00
*** Error 1 "C:\Program Files (x86)\PICC\Devices\18F4550.h" Line 698(13,14): Illegal C character in input file  0x00
*** Error 1 "C:\Program Files (x86)\PICC\Devices\18F4550.h" Line 698(13,14): Illegal C character in input file  0x00
*** Error 1 "C:\Program Files (x86)\PICC\Devices\18F4550.h" Line 698(13,14): Illegal C character in input file  0x00
*** Error 1 "C:\Program Files (x86)\PICC\Devices\18F4550.h" Line 698(13,14): Illegal C character in input file  0x00
*** Error 1 "C:\Program Files (x86)\PICC\Devices\18F4550.h" Line 698(13,14): Illegal C character in input file  0x00
*** Error 1 "C:\Program Files (x86)\PICC\Devices\18F4550.h" Line 698(13,14): Illegal C character in input file  0x00
*** Error 1 "C:\Program Files (x86)\PICC\Devices\18F4550.h" Line 698(13,14): Illegal C character in input file  0x00
*** Error 1 "C:\Program Files (x86)\PICC\Devices\18F4550.h" Line 698(13,14): Illegal C character in input file  0x00
*** Error 1 "C:\Program Files (x86)\PICC\Devices\18F4550.h" Line 698(13,14): Illegal C character in input file  0x00
*** Error 1 "C:\Program Files (x86)\PICC\Devices\18F4550.h" Line 698(13,14): Illegal C character in input file  0x00
*** Error 1 "C:\Program Files (x86)\PICC\Devices\18F4550.h" Line 698(13,14): Illegal C character in input file  0x00
*** Error 1 "C:\Program Files (x86)\PICC\Devices\18F4550.h" Line 698(13,14): Illegal C character in input file  0x00
*** Error 1 "C:\Program Files (x86)\PICC\Devices\18F4550.h" Line 698(13,14): Illegal C character in input file  0x00
*** Error 1 "C:\Program Files (x86)\PICC\Devices\18F4550.h" Line 698(13,14): Illegal C character in input file  0x00
*** Error 1 "C:\Program Files (x86)\PICC\Devices\18F4550.h" Line 698(13,14): Illegal C character in input file  0x00
*** Error 1 "C:\Program Files (x86)\PICC\Devices\18F4550.h" Line 698(13,14): Illegal C character in input file  0x00
*** Error 1 "C:\Program Files (x86)\PICC\Devices\18F4550.h" Line 698(13,14): Illegal C character in input file  0x00
*** Error 1 "C:\Program Files (x86)\PICC\Devices\18F4550.h" Line 698(13,14): Illegal C character in input file  0x00
*** Error 1 "C:\Program Files (x86)\PICC\Devices\18F4550.h" Line 698(13,14): Illegal C character in input file  0x00
*** Error 1 "C:\Program Files (x86)\PICC\Devices\18F4550.h" Line 698(13,14): Illegal C character in input file  0x00
*** Error 1 "C:\Program Files (x86)\PICC\Devices\18F4550.h" Line 698(13,14): Illegal C character in input file  0x00
*** Error 1 "C:\Program Files (x86)\PICC\Devices\18F4550.h" Line 698(13,14): Illegal C character in input file  0x00
*** Error 1 "C:\Program Files (x86)\PICC\Devices\18F4550.h" Line 698(13,14): Illegal C character in input file  0x00
*** Error 1 "C:\Program Files (x86)\PICC\Devices\18F4550.h" Line 698(13,14): Illegal C character in input file  0x00
*** Error 1 "C:\Program Files (x86)\PICC\Devices\18F4550.h" Line 698(13,14): Illegal C character in input file  0x00
*** Error 1 "C:\Program Files (x86)\PICC\Devices\18F4550.h" Line 698(13,14): Illegal C character in input file  0x00
*** Error 1 "C:\Program Files (x86)\PICC\Devices\18F4550.h" Line 698(13,14): Illegal C character in input file  0x00
*** Error 1 "C:\Program Files (x86)\PICC\Devices\18F4550.h" Line 698(13,14): Illegal C character in input file  0x00
*** Error 1 "C:\Program Files (x86)\PICC\Devices\18F4550.h" Line 698(13,14): Illegal C character in input file  0x00
*** Error 1 "C:\Program Files (x86)\PICC\Devices\18F4550.h" Line 698(13,14): Illegal C character in input file  0x00
*** Error 1 "C:\Program Files (x86)\PICC\Devices\18F4550.h" Line 698(13,14): Illegal C character in input file  0x00
*** Error 1 "C:\Program Files (x86)\PICC\Devices\18F4550.h" Line 698(13,14): Illegal C character in input file  0x00
*** Error 1 "C:\Program Files (x86)\PICC\Devices\18F4550.h" Line 698(13,14): Illegal C character in input file  0x00
*** Error 1 "C:\Program Files (x86)\PICC\Devices\18F4550.h" Line 698(13,14): Illegal C character in input file  0x00
*** Error 1 "C:\Program Files (x86)\PICC\Devices\18F4550.h" Line 698(13,14): Illegal C character in input file  0x00
*** Error 1 "C:\Program Files (x86)\PICC\Devices\18F4550.h" Line 698(13,14): Illegal C character in input file  0x00
*** Error 1 "C:\Program Files (x86)\PICC\Devices\18F4550.h" Line 698(13,14): Illegal C character in input file  0x00
*** Error 1 "C:\Program Files (x86)\PICC\Devices\18F4550.h" Line 698(13,14): Illegal C character in input file  0x00
*** Error 1 "C:\Program Files (x86)\PICC\Devices\18F4550.h" Line 698(13,14): Illegal C character in input file  0x00
*** Error 1 "C:\Program Files (x86)\PICC\Devices\18F4550.h" Line 698(13,14): Illegal C character in input file  0x00
