
ROM used:   2742/32768 (8%)
            2742/32768 (8%) including unused fragments

            0.6 Average locations per line
            4.0 Average locations per statement

RAM used:   108/2048 (5%) at main() level
            138/2048 (7%) worst case

Stack used: 1 worst case (0 in main + 1 for interrupts)
Stack size: 31

Lines Stmts  %   Files
----- ----- ---  -----
   82    20   3  RFM69.c
  877     0   0  C:\Program Files (x86)\PICC\Devices\18F4550.h
 1354   359  53  C:\Program Files (x86)\PICC\Drivers\stdlib.h
   32     0   0  C:\Program Files (x86)\PICC\Drivers\stddef.h
  435   129  19  C:\Program Files (x86)\PICC\Drivers\string.h
   28     0   0  C:\Program Files (x86)\PICC\Drivers\ctype.h
  419   175  26  RFM69.h
 1110     0   0  RFM69registers.h
----- -----
 4337   683 Total

Page ROM  %  RAM    Vol Diff  Functions:
---- --- --- ---    --- ----  ----------
0     40   1    1             @delay_ms1
0     22   0    0             @TIMERISR_1
0     64   1    0             @GET_TICKS_1
0     64   1    0             @const1077
0    584  11   15   3076 11.8  initialize
0     14   0    0             @const1080
0     30   1    1             @SPRINTF
0     34   1    2             @PSTRINGC_9600_31766_31767
0     22   0    0             @const1089
0     14   0    0    912  8.1  @const1094
0     14   0    0    912  8.1  @const1095
0      8   0    0    136  3.4  @const1097
0     12   0    0    309  6.5  @const1098
0    212   4    2    912  8.1  setMode
0     10   0    0   1036 10.6  @const1099
0     54   1    2    136  3.4  canSend
0    130   2   13    309  6.5  send
0    228   4   17   1036 10.6  sendFrame
0      4   0    0     16  1.0  millis
0     26   0    3    104  2.8  readReg
0     22   0    3     94  2.3  writeReg
0      6   0    0     17  0.8  select
0      6   0    0     17  0.8  unselect
0     88   2    2    280  4.9  setHighPower
0     10   0    0             @const1107
0    154   3    4    588  6.8  readAllRegs
0     22   0    0             @const1109
0     66   1    2             @PRINTF_X_9600_31766_31767
0      4   0    0    452  6.5  @const1115
0      4   0    0    452  6.5  @const1117
0     74   1    3    479  6.5  SPItransfer
0     58   1    2    358  5.8  SPIRead8bit
0     64   1    4    222  5.4  readRSSI
0     46   1    2    104  2.6  setHighPowerRegs
0    260   5    1    488  2.8  MAIN
0     28   1    0             @const1132
0     34   1    2             @PSTRINGC_1081
0     40   1    2             @PSTRINGR_9600_31766_31767
 Inline         0             @cinit1

Program metrics:
    Functions               24
    Statements              683
    Comments                1143
    Volume (V)              20676
    Difficulty (D)          133.3
    Effort to implement (E) 2756900
    Time to implement (T)   42 hours, 33 minutes
    Est Delivered Bugs (B)  7
    Cyclomatic Complexity   59
    Maintainability (MI)    33

 Segment     Used  Free
-----------  ----  ----
00000-00002     4  0  
00004-00006     0  4  
00008-000AC   166  0  
000AE-07FFE  2572  30022  



